<?xml version="1.0" encoding="UTF-8"?>
<!-- Generated by org.testng.reporters.JUnitXMLReporter -->
<testsuite ignored="0" hostname="LAPTOP-J8D1DKL4" failures="1" tests="2" name="Error Validations Test" time="20.693" errors="0" timestamp="2025-01-26T19:02:46 IST">
  <testcase classname="albinsacademy.Tests.ErrorValidationsTest" name="loginErrorValidation" time="0.807">
    <skipped/>
  </testcase> <!-- loginErrorValidation -->
  <testcase classname="albinsacademy.Tests.ErrorValidationsTest" name="loginErrorValidation" time="0.699">
    <failure type="java.lang.AssertionError" message="expected [Incorrect email or password.] but found [Incorrect email  password.]">
      <![CDATA[java.lang.AssertionError: expected [Incorrect email or password.] but found [Incorrect email  password.]
at albinsacademy.Tests.ErrorValidationsTest.loginErrorValidation(ErrorValidationsTest.java:23)
at java.base/java.util.ArrayList.forEach(ArrayList.java:1596)
at java.base/java.util.concurrent.FutureTask.run(FutureTask.java:317)
at java.base/java.util.concurrent.ThreadPoolExecutor.runWorker(ThreadPoolExecutor.java:1144)
at java.base/java.util.concurrent.ThreadPoolExecutor$Worker.run(ThreadPoolExecutor.java:642)
at java.base/java.lang.Thread.run(Thread.java:1583)
... Removed 21 stack frames]]>
    </failure>
  </testcase> <!-- loginErrorValidation -->
</testsuite> <!-- Error Validations Test -->
