<?xml version="1.0" encoding="UTF-8"?>
<!-- Generated by org.testng.reporters.JUnitXMLReporter -->
<testsuite ignored="0" hostname="LAPTOP-J8D1DKL4" failures="0" tests="3" name="Submit Order Test" time="25.101" errors="0" timestamp="2025-01-26T19:02:50 IST">
  <testcase classname="albinsacademy.Tests.SubmitOrderTest" name="submitOrder" time="4.545"/>
  <testcase classname="albinsacademy.Tests.SubmitOrderTest" name="submitOrder" time="4.274"/>
  <testcase classname="albinsacademy.Tests.SubmitOrderTest" name="OrderHistoryTest" time="1.133"/>
</testsuite> <!-- Submit Order Test -->
